polybar|notice:  Parsing config file: /home/nathan/.config/polybar/config.ini
polybar|notice:  Listening for IPC messages (PID: 464042)
polybar|notice:  Loading module 'bspwm' of type 'internal/bspwm'
polybar|notice:  Loading module 'date' of type 'internal/date'
polybar|notice:  Loading module 'namespace' of type 'custom/script'
polybar|notice:  Loading module 'cluster' of type 'custom/script'
polybar|notice:  Loading module 'sep' of type 'custom/text'
polybar|warn:  The config parameter `module/sep.content` is deprecated, use `module/sep.format` instead.
polybar|notice:  Loading module 'wlan' of type 'internal/network'
polybar|notice:  Loading module 'pulseaudio' of type 'internal/pulseaudio'
polybar|notice:  pulseaudio: using default sink alsa_output.pci-0000_00_1f.3.analog-stereo
polybar|notice:  Loading module 'battery' of type 'internal/battery'
polybar|notice:  Loaded 8 modules
polybar|notice:  Loaded font "Hack Nerd Font Mono:style=Regular:size=10" (name=Hack Nerd Font Mono, offset=3, file=/home/nathan/.fonts/HackNerdFontMono-Regular.ttf)
polybar|notice:  Loaded font "Material Design Icons Desktop:size=14" (name=Material Design Icons Desktop, offset=3, file=/home/nathan/.fonts/MaterialDesignIconsDesktop.ttf)
polybar|notice:  Loaded font "Hack Nerd Font Mono:style=Regular:size=10" (name=Hack Nerd Font Mono, offset=2, file=/home/nathan/.fonts/HackNerdFontMono-Regular.ttf)
polybar|notice:  Loaded font "Hack Nerd Font Mono:style=Regular:size=19" (name=Hack Nerd Font Mono, offset=3, file=/home/nathan/.fonts/HackNerdFontMono-Regular.ttf)
polybar|notice:  Loaded font "Material Design Icons Desktop:size=12" (name=Material Design Icons Desktop, offset=3, file=/home/nathan/.fonts/MaterialDesignIconsDesktop.ttf)
polybar|notice:  Loaded font "Material Design Icons Desktop:size=10" (name=Material Design Icons Desktop, offset=3, file=/home/nathan/.fonts/MaterialDesignIconsDesktop.ttf)
polybar|notice:  Loaded font "Hack Nerd Font Mono:style=Regular:size=18" (name=Hack Nerd Font Mono, offset=3, file=/home/nathan/.fonts/HackNerdFontMono-Regular.ttf)
polybar|notice:  Loaded font "Hack Nerd Font Mono:style=Regular:size=16" (name=Hack Nerd Font Mono, offset=4, file=/home/nathan/.fonts/HackNerdFontMono-Regular.ttf)
polybar|notice:  Loaded font "Hack Nerd Font Mono:style=Regular:size=14" (name=Hack Nerd Font Mono, offset=3, file=/home/nathan/.fonts/HackNerdFontMono-Regular.ttf)
